bICSI/manifest-merger-release-report.txt
-- Merging decision tree log ---
manifest
ADDED from AndroidManifest.xml:2:1
	xmlns:android
		ADDED from AndroidManifest.xml:2:11
	package
		ADDED from AndroidManifest.xml:3:5
		INJECTED from AndroidManifest.xml:0:0
		INJECTED from AndroidManifest.xml:0:0
	android:versionName
		ADDED from AndroidManifest.xml:5:5
	android:versionCode
		ADDED from AndroidManifest.xml:4:5
		INJECTED from AndroidManifest.xml:0:0
		INJECTED from AndroidManifest.xml:0:0
uses-sdk
ADDED from AndroidManifest.xml:7:5
MERGED from BICSI:facebookSDK:unspecified:20:5
	android:hardwareAccelerated
		ADDED from AndroidManifest.xml:8:9
	android:targetSdkVersion
		ADDED from AndroidManifest.xml:10:9
		INJECTED from AndroidManifest.xml:0:0
		INJECTED from AndroidManifest.xml:0:0
	android:minSdkVersion
		ADDED from AndroidManifest.xml:9:9
		INJECTED from AndroidManifest.xml:0:0
		INJECTED from AndroidManifest.xml:0:0
uses-permission#android.permission.CAMERA
ADDED from AndroidManifest.xml:12:5
	android:name
		ADDED from AndroidManifest.xml:12:22
uses-feature#android.hardware.camera
ADDED from AndroidManifest.xml:14:5
	android:name
		ADDED from AndroidManifest.xml:14:19
uses-permission#android.permission.RECEIVE_BOOT_COMPLETED
ADDED from AndroidManifest.xml:17:5
	android:name
		ADDED from AndroidManifest.xml:17:22
uses-permission#android.permission.VIBRATE
ADDED from AndroidManifest.xml:18:6
	android:name
		ADDED from AndroidManifest.xml:18:23
uses-permission#android.permission.WAKE_LOCK
ADDED from AndroidManifest.xml:19:7
	android:name
		ADDED from AndroidManifest.xml:19:24
uses-permission#android.permission.GET_ACCOUNTS
ADDED from AndroidManifest.xml:20:7
	android:name
		ADDED from AndroidManifest.xml:20:24
uses-permission#com.google.android.c2dm.permission.RECEIVE
ADDED from AndroidManifest.xml:21:5
	android:name
		ADDED from AndroidManifest.xml:21:22
uses-permission#android.permission.INTERNET
ADDED from AndroidManifest.xml:22:5
	android:name
		ADDED from AndroidManifest.xml:22:22
uses-permission#android.permission.GET_TASKS
ADDED from AndroidManifest.xml:23:5
	android:name
		ADDED from AndroidManifest.xml:23:22
uses-permission#android.permission.ACCESS_NETWORK_STATE
ADDED from AndroidManifest.xml:24:5
	android:name
		ADDED from AndroidManifest.xml:24:22
uses-permission#android.permission.READ_PHONE_STATE
ADDED from AndroidManifest.xml:25:5
	android:name
		ADDED from AndroidManifest.xml:25:22
uses-permission#android.permission.WRITE_EXTERNAL_STORAGE
ADDED from AndroidManifest.xml:26:5
	android:name
		ADDED from AndroidManifest.xml:26:22
uses-permission#com.google.android.providers.gsf.permission.READ_GSERVICES
ADDED from AndroidManifest.xml:27:5
	android:name
		ADDED from AndroidManifest.xml:27:22
uses-permission#org.bisci.canada2015.permission.C2D_MESSAGE
ADDED from AndroidManifest.xml:28:6
	android:name
		ADDED from AndroidManifest.xml:28:23
permission#org.bicsi.canada2016.permission.C2D_MESSAGE
ADDED from AndroidManifest.xml:29:5
	android:protectionLevel
		ADDED from AndroidManifest.xml:31:9
	android:name
		ADDED from AndroidManifest.xml:30:9
application
ADDED from AndroidManifest.xml:33:5
MERGED from BICSI:facebookSDK:unspecified:24:5
	android:label
		ADDED from AndroidManifest.xml:37:9
	android:allowBackup
		ADDED from AndroidManifest.xml:35:9
	android:icon
		ADDED from AndroidManifest.xml:36:9
	android:theme
		ADDED from AndroidManifest.xml:38:9
	android:name
		ADDED from AndroidManifest.xml:34:9
activity#org.bicsi.canada2014.activities.SplashScreen
ADDED from AndroidManifest.xml:39:9
	android:windowSoftInputMode
		ADDED from AndroidManifest.xml:48:13
	android:screenOrientation
		ADDED from AndroidManifest.xml:46:13
	android:noHistory
		ADDED from AndroidManifest.xml:45:13
	android:label
		ADDED from AndroidManifest.xml:43:13
	android:icon
		ADDED from AndroidManifest.xml:42:13
	android:theme
		ADDED from AndroidManifest.xml:47:13
	android:exported
		ADDED from AndroidManifest.xml:41:13
	android:name
		ADDED from AndroidManifest.xml:40:13
	android:launchMode
		ADDED from AndroidManifest.xml:44:13
intent-filter#android.intent.action.MAIN+android.intent.category.LAUNCHER
ADDED from AndroidManifest.xml:49:13
action#android.intent.action.MAIN
ADDED from AndroidManifest.xml:50:17
	android:name
		ADDED from AndroidManifest.xml:50:25
category#android.intent.category.LAUNCHER
ADDED from AndroidManifest.xml:51:17
	android:name
		ADDED from AndroidManifest.xml:51:27
intent-filter#android.intent.action.VIEW+android.intent.category.BROWSABLE+android.intent.category.DEFAULT+android.intent.category.DEFAULT+org.bicsi.canada2014.NOTIFICATIONPRESSED
ADDED from AndroidManifest.xml:53:13
action#org.bicsi.canada2014.NOTIFICATIONPRESSED
ADDED from AndroidManifest.xml:54:17
	android:name
		ADDED from AndroidManifest.xml:54:25
category#android.intent.category.DEFAULT
ADDED from AndroidManifest.xml:55:17
	android:name
		ADDED from AndroidManifest.xml:55:27
action#android.intent.action.VIEW
ADDED from AndroidManifest.xml:56:17
	android:name
		ADDED from AndroidManifest.xml:56:25
category#android.intent.category.BROWSABLE
ADDED from AndroidManifest.xml:60:17
	android:name
		ADDED from AndroidManifest.xml:60:27
data
ADDED from AndroidManifest.xml:62:17
	android:host
		ADDED from AndroidManifest.xml:63:21
	android:scheme
		ADDED from AndroidManifest.xml:64:21
intent-filter#android.intent.action.VIEW+android.intent.category.BROWSABLE+android.intent.category.DEFAULT
ADDED from AndroidManifest.xml:70:13
activity#org.bicsi.canada2014.activities.MainActivity
ADDED from AndroidManifest.xml:114:9
	android:windowSoftInputMode
		ADDED from AndroidManifest.xml:119:13
	android:screenOrientation
		ADDED from AndroidManifest.xml:118:13
	android:label
		ADDED from AndroidManifest.xml:117:13
	android:icon
		ADDED from AndroidManifest.xml:116:13
	android:name
		ADDED from AndroidManifest.xml:115:13
activity#com.facebook.LoginActivity
ADDED from AndroidManifest.xml:121:9
	android:screenOrientation
		ADDED from AndroidManifest.xml:125:13
	android:label
		ADDED from AndroidManifest.xml:124:13
	android:icon
		ADDED from AndroidManifest.xml:123:13
	android:theme
		ADDED from AndroidManifest.xml:126:13
	android:name
		ADDED from AndroidManifest.xml:122:13
meta-data#com.facebook.sdk.ApplicationId
ADDED from AndroidManifest.xml:128:9
	android:name
		ADDED from AndroidManifest.xml:129:13
	android:value
		ADDED from AndroidManifest.xml:130:13
activity#org.bicsi.canada2014.AndroidTwitterSample
ADDED from AndroidManifest.xml:132:9
	android:screenOrientation
		ADDED from AndroidManifest.xml:135:13
	android:label
		ADDED from AndroidManifest.xml:134:13
	android:name
		ADDED from AndroidManifest.xml:133:13
activity#org.bicsi.canada2014.activities.PrepareRequestTokenActivity
ADDED from AndroidManifest.xml:137:9
	android:screenOrientation
		ADDED from AndroidManifest.xml:140:13
	android:name
		ADDED from AndroidManifest.xml:138:13
	android:launchMode
		ADDED from AndroidManifest.xml:139:13
activity#org.bicsi.canada2014.fragment.EhallSchedFragment
ADDED from AndroidManifest.xml:153:9
	android:screenOrientation
		ADDED from AndroidManifest.xml:156:13
	android:label
		ADDED from AndroidManifest.xml:155:13
	android:name
		ADDED from AndroidManifest.xml:154:13
activity#org.bicsi.canada2014.fragment.EhallSchedDetailFragment2
ADDED from AndroidManifest.xml:159:9
	android:screenOrientation
		ADDED from AndroidManifest.xml:162:13
	android:label
		ADDED from AndroidManifest.xml:161:13
	android:name
		ADDED from AndroidManifest.xml:160:13
activity#org.bicsi.canada2014.activities.NewMealActivity
ADDED from AndroidManifest.xml:165:9
	android:screenOrientation
		ADDED from AndroidManifest.xml:167:9
	android:configChanges
		ADDED from AndroidManifest.xml:168:9
	android:name
		ADDED from AndroidManifest.xml:166:9
activity#org.bicsi.canada2014.activities.NotesActivity
ADDED from AndroidManifest.xml:172:9
	android:screenOrientation
		ADDED from AndroidManifest.xml:174:13
	android:label
		ADDED from AndroidManifest.xml:175:13
	android:name
		ADDED from AndroidManifest.xml:173:13
service#com.parse.PushService
ADDED from AndroidManifest.xml:178:9
	android:name
		ADDED from AndroidManifest.xml:178:18
receiver#com.parse.ParseBroadcastReceiver
ADDED from AndroidManifest.xml:179:9
	android:name
		ADDED from AndroidManifest.xml:179:19
intent-filter#android.intent.action.BOOT_COMPLETED+android.intent.action.USER_PRESENT
ADDED from AndroidManifest.xml:180:13
action#android.intent.action.BOOT_COMPLETED
ADDED from AndroidManifest.xml:181:17
	android:name
		ADDED from AndroidManifest.xml:181:25
action#android.intent.action.USER_PRESENT
ADDED from AndroidManifest.xml:182:17
	android:name
		ADDED from AndroidManifest.xml:182:25
receiver#com.parse.GcmBroadcastReceiver
ADDED from AndroidManifest.xml:185:9
	android:permission
		ADDED from AndroidManifest.xml:187:13
	android:name
		ADDED from AndroidManifest.xml:186:13
intent-filter#com.google.android.c2dm.intent.RECEIVE+com.google.android.c2dm.intent.REGISTRATION+org.bicsi.canada2016
ADDED from AndroidManifest.xml:188:13
action#com.google.android.c2dm.intent.RECEIVE
ADDED from AndroidManifest.xml:189:17
	android:name
		ADDED from AndroidManifest.xml:189:25
action#com.google.android.c2dm.intent.REGISTRATION
ADDED from AndroidManifest.xml:190:17
	android:name
		ADDED from AndroidManifest.xml:190:25
category#org.bicsi.canada2016
ADDED from AndroidManifest.xml:193:17
	android:name
		ADDED from AndroidManifest.xml:193:27